<?xml version="1.0" encoding="UTF-8"?>
<!-- Generated by org.testng.reporters.JUnitReportReporter -->
<testsuite hostname="LAPTOP-RPU5051R" name="selenium_Practise_pack.DataProviderClass" tests="3" failures="0" timestamp="28 Jul 2019 14:21:01 GMT" time="0.020" errors="0">
  <testcase name="calling_method" time="0.018" classname="selenium_Practise_pack.DataProviderClass"/>
  <testcase name="calling_method" time="0.001" classname="selenium_Practise_pack.DataProviderClass"/>
  <testcase name="calling_method" time="0.001" classname="selenium_Practise_pack.DataProviderClass"/>
</testsuite> <!-- selenium_Practise_pack.DataProviderClass -->
