<?xml version="1.0" encoding="UTF-8"?>
<!-- Generated by org.testng.reporters.JUnitReportReporter -->
<testsuite hostname="LAPTOP-RPU5051R" name="testing_Sep.ChromeLog" tests="1" failures="0" timestamp="10 Sep 2019 15:24:41 GMT" time="9.033" errors="0">
  <testcase name="testing" time="9.033" classname="testing_Sep.ChromeLog"/>
</testsuite> <!-- testing_Sep.ChromeLog -->
