<?xml version="1.0" encoding="UTF-8"?>
<!-- Generated by org.testng.reporters.JUnitReportReporter -->
<testsuite hostname="LAPTOP-RPU5051R" name="selenium_Practise_pack.TestDependOnMethod" tests="7" failures="0" timestamp="28 Jul 2019 08:40:49 GMT" time="0.016" errors="0">
  <testcase name="A_test" time="0.001" classname="selenium_Practise_pack.TestDependOnMethod"/>
  <testcase name="c" time="0.001" classname="selenium_Practise_pack.TestDependOnMethod"/>
  <testcase name="A_test_Minus" time="0.001" classname="selenium_Practise_pack.TestDependOnMethod"/>
  <testcase name="a" time="0.001" classname="selenium_Practise_pack.TestDependOnMethod"/>
  <testcase name="test1" time="0.001" classname="selenium_Practise_pack.TestDependOnMethod"/>
  <testcase name="A" time="0.000" classname="selenium_Practise_pack.TestDependOnMethod"/>
  <testcase name="b" time="0.011" classname="selenium_Practise_pack.TestDependOnMethod"/>
</testsuite> <!-- selenium_Practise_pack.TestDependOnMethod -->
