<?xml version="1.0" encoding="UTF-8"?>
<!-- Generated by org.testng.reporters.JUnitReportReporter -->
<testsuite hostname="LAPTOP-RPU5051R" name="selenium_Practise_pack.TestNG_Sequence" tests="7" failures="0" timestamp="28 Jul 2019 08:28:43 GMT" time="0.013" errors="0">
  <testcase name="A_test_Minus_three" time="0.008" classname="selenium_Practise_pack.TestNG_Sequence"/>
  <testcase name="A" time="0.001" classname="selenium_Practise_pack.TestNG_Sequence"/>
  <testcase name="test2" time="0.001" classname="selenium_Practise_pack.TestNG_Sequence"/>
  <testcase name="test1" time="0.001" classname="selenium_Practise_pack.TestNG_Sequence"/>
  <testcase name="A_test" time="0.001" classname="selenium_Practise_pack.TestNG_Sequence"/>
  <testcase name="test_0" time="0.001" classname="selenium_Practise_pack.TestNG_Sequence"/>
  <testcase name="A_test_Minus" time="0.000" classname="selenium_Practise_pack.TestNG_Sequence"/>
</testsuite> <!-- selenium_Practise_pack.TestNG_Sequence -->
