<?xml version="1.0" encoding="UTF-8"?>
<!-- Generated by org.testng.reporters.JUnitReportReporter -->
<testsuite hostname="LAPTOP-RPU5051R" name="testNG_Practise.Multi_Test_1" tests="1" failures="0" timestamp="28 Jul 2019 15:50:45 GMT" time="19.849" errors="0">
  <testcase name="login" time="19.849" classname="testNG_Practise.Multi_Test_1"/>
</testsuite> <!-- testNG_Practise.Multi_Test_1 -->
