<?xml version="1.0" encoding="UTF-8"?>
<!-- Generated by org.testng.reporters.JUnitReportReporter -->
<testsuite hostname="LAPTOP-RPU5051R" name="selenium_Practise_pack.ExplicitelyWait" tests="1" failures="0" timestamp="28 Jul 2019 07:13:50 GMT" time="6.702" errors="0">
  <testcase name="mainCallingMethod" time="6.702" classname="selenium_Practise_pack.ExplicitelyWait"/>
</testsuite> <!-- selenium_Practise_pack.ExplicitelyWait -->
