<?xml version="1.0" encoding="UTF-8"?>
<!-- Generated by org.testng.reporters.JUnitReportReporter -->
<testsuite hostname="LAPTOP-RPU5051R" name="main_Package.CallingClass" tests="1" failures="0" timestamp="3 Aug 2019 07:56:47 GMT" time="10.698" errors="0">
  <testcase name="mainMethod" time="10.698" classname="main_Package.CallingClass"/>
</testsuite> <!-- main_Package.CallingClass -->
