<?xml version="1.0" encoding="UTF-8"?>
<!-- Generated by org.testng.reporters.JUnitReportReporter -->
<testsuite hostname="LAPTOP-RPU5051R" name="selenium_Practise_pack.TestNG_Annotation_Sequence" tests="2" failures="0" timestamp="28 Jul 2019 08:30:31 GMT" time="0.009" errors="0">
  <testcase name="test1" time="0.008" classname="selenium_Practise_pack.TestNG_Annotation_Sequence"/>
  <testcase name="test2" time="0.001" classname="selenium_Practise_pack.TestNG_Annotation_Sequence"/>
</testsuite> <!-- selenium_Practise_pack.TestNG_Annotation_Sequence -->
