<?xml version="1.0" encoding="UTF-8"?>
<!-- Generated by org.testng.reporters.JUnitReportReporter -->
<testsuite hostname="LAPTOP-RPU5051R" name="excelReader_Package.ExcelReader_Class" tests="1" failures="0" timestamp="15 Jul 2019 17:16:06 GMT" time="0.391" errors="0">
  <testcase name="getExcelData" time="0.391" classname="excelReader_Package.ExcelReader_Class"/>
</testsuite> <!-- excelReader_Package.ExcelReader_Class -->
